  [1m[35m (454.3ms)[0m  [1m[35mCREATE DATABASE "music_app_development" ENCODING = 'unicode'[0m
  ↳ bin/rails:9
  [1m[35m (318.3ms)[0m  [1m[35mCREATE DATABASE "music_app_test" ENCODING = 'unicode'[0m
  ↳ bin/rails:9
  [1m[35m (5.2ms)[0m  [1m[35mCREATE TABLE "schema_migrations" ("version" character varying NOT NULL PRIMARY KEY)[0m
  ↳ bin/rails:9
  [1m[35m (3.6ms)[0m  [1m[35mCREATE TABLE "ar_internal_metadata" ("key" character varying NOT NULL PRIMARY KEY, "value" character varying, "created_at" timestamp NOT NULL, "updated_at" timestamp NOT NULL)[0m
  ↳ bin/rails:9
  [1m[35m (0.3ms)[0m  [1m[34mSELECT pg_try_advisory_lock(4505726345591715405)[0m
  ↳ bin/rails:9
  [1m[35m (0.8ms)[0m  [1m[34mSELECT "schema_migrations"."version" FROM "schema_migrations" ORDER BY "schema_migrations"."version" ASC[0m
  ↳ bin/rails:9
Migrating to CreateUsers (20181116055033)
  [1m[35m (0.2ms)[0m  [1m[35mBEGIN[0m
  ↳ bin/rails:9
  [1m[35m (5.7ms)[0m  [1m[35mCREATE TABLE "users" ("id" bigserial primary key, "email" character varying NOT NULL, "password_digest" character varying NOT NULL, "session_token" character varying NOT NULL, "created_at" timestamp NOT NULL, "updated_at" timestamp NOT NULL)[0m
  ↳ db/migrate/20181116055033_create_users.rb:3
  [1m[35m (1.2ms)[0m  [1m[35mCREATE UNIQUE INDEX  "index_users_on_email" ON "users"  ("email")[0m
  ↳ db/migrate/20181116055033_create_users.rb:10
  [1m[35m (1.1ms)[0m  [1m[35mCREATE UNIQUE INDEX  "index_users_on_session_token" ON "users"  ("session_token")[0m
  ↳ db/migrate/20181116055033_create_users.rb:11
  [1m[36mActiveRecord::SchemaMigration Create (0.6ms)[0m  [1m[32mINSERT INTO "schema_migrations" ("version") VALUES ($1) RETURNING "version"[0m  [["version", "20181116055033"]]
  ↳ bin/rails:9
  [1m[35m (0.5ms)[0m  [1m[35mCOMMIT[0m
  ↳ bin/rails:9
  [1m[36mActiveRecord::InternalMetadata Load (0.3ms)[0m  [1m[34mSELECT  "ar_internal_metadata".* FROM "ar_internal_metadata" WHERE "ar_internal_metadata"."key" = $1 LIMIT $2[0m  [["key", "environment"], ["LIMIT", 1]]
  ↳ bin/rails:9
  [1m[35m (0.1ms)[0m  [1m[35mBEGIN[0m
  ↳ bin/rails:9
  [1m[36mActiveRecord::InternalMetadata Create (0.5ms)[0m  [1m[32mINSERT INTO "ar_internal_metadata" ("key", "value", "created_at", "updated_at") VALUES ($1, $2, $3, $4) RETURNING "key"[0m  [["key", "environment"], ["value", "development"], ["created_at", "2018-11-16 06:03:30.466034"], ["updated_at", "2018-11-16 06:03:30.466034"]]
  ↳ bin/rails:9
  [1m[35m (0.3ms)[0m  [1m[35mCOMMIT[0m
  ↳ bin/rails:9
  [1m[35m (0.2ms)[0m  [1m[34mSELECT pg_advisory_unlock(4505726345591715405)[0m
  ↳ bin/rails:9
  [1m[35m (0.4ms)[0m  [1m[34mSELECT "schema_migrations"."version" FROM "schema_migrations" ORDER BY "schema_migrations"."version" ASC[0m
  ↳ bin/rails:9
  [1m[35m (1.0ms)[0m  [1m[34mSELECT "schema_migrations"."version" FROM "schema_migrations" ORDER BY "schema_migrations"."version" ASC[0m
  ↳ /Users/savio/.rbenv/versions/2.5.1/bin/annotate:23
Started GET "/users" for 127.0.0.1 at 2018-11-15 22:45:09 -0800
  [1m[35m (0.8ms)[0m  [1m[34mSELECT "schema_migrations"."version" FROM "schema_migrations" ORDER BY "schema_migrations"."version" ASC[0m
  ↳ /Users/savio/.rbenv/versions/2.5.1/lib/ruby/gems/2.5.0/gems/activerecord-5.2.1/lib/active_record/log_subscriber.rb:98
  
AbstractController::ActionNotFound (The action 'index' could not be found for UsersController):
  
actionpack (5.2.1) lib/abstract_controller/base.rb:129:in `process'
actionview (5.2.1) lib/action_view/rendering.rb:32:in `process'
actionpack (5.2.1) lib/action_controller/metal.rb:191:in `dispatch'
actionpack (5.2.1) lib/action_controller/metal.rb:252:in `dispatch'
actionpack (5.2.1) lib/action_dispatch/routing/route_set.rb:52:in `dispatch'
actionpack (5.2.1) lib/action_dispatch/routing/route_set.rb:34:in `serve'
actionpack (5.2.1) lib/action_dispatch/journey/router.rb:52:in `block in serve'
actionpack (5.2.1) lib/action_dispatch/journey/router.rb:35:in `each'
actionpack (5.2.1) lib/action_dispatch/journey/router.rb:35:in `serve'
actionpack (5.2.1) lib/action_dispatch/routing/route_set.rb:840:in `call'
rack (2.0.6) lib/rack/tempfile_reaper.rb:15:in `call'
rack (2.0.6) lib/rack/etag.rb:25:in `call'
rack (2.0.6) lib/rack/conditional_get.rb:25:in `call'
rack (2.0.6) lib/rack/head.rb:12:in `call'
actionpack (5.2.1) lib/action_dispatch/http/content_security_policy.rb:18:in `call'
rack (2.0.6) lib/rack/session/abstract/id.rb:232:in `context'
rack (2.0.6) lib/rack/session/abstract/id.rb:226:in `call'
actionpack (5.2.1) lib/action_dispatch/middleware/cookies.rb:670:in `call'
activerecord (5.2.1) lib/active_record/migration.rb:559:in `call'
actionpack (5.2.1) lib/action_dispatch/middleware/callbacks.rb:28:in `block in call'
activesupport (5.2.1) lib/active_support/callbacks.rb:98:in `run_callbacks'
actionpack (5.2.1) lib/action_dispatch/middleware/callbacks.rb:26:in `call'
actionpack (5.2.1) lib/action_dispatch/middleware/executor.rb:14:in `call'
actionpack (5.2.1) lib/action_dispatch/middleware/debug_exceptions.rb:61:in `call'
web-console (3.7.0) lib/web_console/middleware.rb:135:in `call_app'
web-console (3.7.0) lib/web_console/middleware.rb:30:in `block in call'
web-console (3.7.0) lib/web_console/middleware.rb:20:in `catch'
web-console (3.7.0) lib/web_console/middleware.rb:20:in `call'
actionpack (5.2.1) lib/action_dispatch/middleware/show_exceptions.rb:33:in `call'
railties (5.2.1) lib/rails/rack/logger.rb:38:in `call_app'
railties (5.2.1) lib/rails/rack/logger.rb:26:in `block in call'
activesupport (5.2.1) lib/active_support/tagged_logging.rb:71:in `block in tagged'
activesupport (5.2.1) lib/active_support/tagged_logging.rb:28:in `tagged'
activesupport (5.2.1) lib/active_support/tagged_logging.rb:71:in `tagged'
railties (5.2.1) lib/rails/rack/logger.rb:26:in `call'
sprockets-rails (3.2.1) lib/sprockets/rails/quiet_assets.rb:13:in `call'
actionpack (5.2.1) lib/action_dispatch/middleware/remote_ip.rb:81:in `call'
actionpack (5.2.1) lib/action_dispatch/middleware/request_id.rb:27:in `call'
rack (2.0.6) lib/rack/method_override.rb:22:in `call'
rack (2.0.6) lib/rack/runtime.rb:22:in `call'
activesupport (5.2.1) lib/active_support/cache/strategy/local_cache_middleware.rb:29:in `call'
actionpack (5.2.1) lib/action_dispatch/middleware/executor.rb:14:in `call'
actionpack (5.2.1) lib/action_dispatch/middleware/static.rb:127:in `call'
rack (2.0.6) lib/rack/sendfile.rb:111:in `call'
railties (5.2.1) lib/rails/engine.rb:524:in `call'
puma (3.12.0) lib/puma/configuration.rb:225:in `call'
puma (3.12.0) lib/puma/server.rb:658:in `handle_request'
puma (3.12.0) lib/puma/server.rb:472:in `process_client'
puma (3.12.0) lib/puma/server.rb:332:in `block in run'
puma (3.12.0) lib/puma/thread_pool.rb:133:in `block in spawn_thread'
Started GET "/users" for 127.0.0.1 at 2018-11-15 22:45:22 -0800
Processing by UsersController#index as HTML
Completed 406 Not Acceptable in 131ms (ActiveRecord: 0.0ms)


  
ActionController::UnknownFormat (UsersController#index is missing a template for this request format and variant.

request.formats: ["text/html"]
request.variant: []

NOTE! For XHR/Ajax or API requests, this action would normally respond with 204 No Content: an empty white screen. Since you're loading it in a web browser, we assume that you expected to actually render a template, not nothing, so we're showing an error to be extra-clear. If you expect 204 No Content, carry on. That's what you'll get from an XHR or API request. Give it a shot.):
  
actionpack (5.2.1) lib/action_controller/metal/implicit_render.rb:55:in `default_render'
actionpack (5.2.1) lib/action_controller/metal/basic_implicit_render.rb:6:in `block in send_action'
actionpack (5.2.1) lib/action_controller/metal/basic_implicit_render.rb:6:in `tap'
actionpack (5.2.1) lib/action_controller/metal/basic_implicit_render.rb:6:in `send_action'
actionpack (5.2.1) lib/abstract_controller/base.rb:194:in `process_action'
actionpack (5.2.1) lib/action_controller/metal/rendering.rb:30:in `process_action'
actionpack (5.2.1) lib/abstract_controller/callbacks.rb:42:in `block in process_action'
activesupport (5.2.1) lib/active_support/callbacks.rb:132:in `run_callbacks'
actionpack (5.2.1) lib/abstract_controller/callbacks.rb:41:in `process_action'
actionpack (5.2.1) lib/action_controller/metal/rescue.rb:22:in `process_action'
actionpack (5.2.1) lib/action_controller/metal/instrumentation.rb:34:in `block in process_action'
activesupport (5.2.1) lib/active_support/notifications.rb:168:in `block in instrument'
activesupport (5.2.1) lib/active_support/notifications/instrumenter.rb:23:in `instrument'
activesupport (5.2.1) lib/active_support/notifications.rb:168:in `instrument'
actionpack (5.2.1) lib/action_controller/metal/instrumentation.rb:32:in `process_action'
actionpack (5.2.1) lib/action_controller/metal/params_wrapper.rb:256:in `process_action'
activerecord (5.2.1) lib/active_record/railties/controller_runtime.rb:24:in `process_action'
actionpack (5.2.1) lib/abstract_controller/base.rb:134:in `process'
actionview (5.2.1) lib/action_view/rendering.rb:32:in `process'
actionpack (5.2.1) lib/action_controller/metal.rb:191:in `dispatch'
actionpack (5.2.1) lib/action_controller/metal.rb:252:in `dispatch'
actionpack (5.2.1) lib/action_dispatch/routing/route_set.rb:52:in `dispatch'
actionpack (5.2.1) lib/action_dispatch/routing/route_set.rb:34:in `serve'
actionpack (5.2.1) lib/action_dispatch/journey/router.rb:52:in `block in serve'
actionpack (5.2.1) lib/action_dispatch/journey/router.rb:35:in `each'
actionpack (5.2.1) lib/action_dispatch/journey/router.rb:35:in `serve'
actionpack (5.2.1) lib/action_dispatch/routing/route_set.rb:840:in `call'
rack (2.0.6) lib/rack/tempfile_reaper.rb:15:in `call'
rack (2.0.6) lib/rack/etag.rb:25:in `call'
rack (2.0.6) lib/rack/conditional_get.rb:25:in `call'
rack (2.0.6) lib/rack/head.rb:12:in `call'
actionpack (5.2.1) lib/action_dispatch/http/content_security_policy.rb:18:in `call'
rack (2.0.6) lib/rack/session/abstract/id.rb:232:in `context'
rack (2.0.6) lib/rack/session/abstract/id.rb:226:in `call'
actionpack (5.2.1) lib/action_dispatch/middleware/cookies.rb:670:in `call'
activerecord (5.2.1) lib/active_record/migration.rb:559:in `call'
actionpack (5.2.1) lib/action_dispatch/middleware/callbacks.rb:28:in `block in call'
activesupport (5.2.1) lib/active_support/callbacks.rb:98:in `run_callbacks'
actionpack (5.2.1) lib/action_dispatch/middleware/callbacks.rb:26:in `call'
actionpack (5.2.1) lib/action_dispatch/middleware/executor.rb:14:in `call'
actionpack (5.2.1) lib/action_dispatch/middleware/debug_exceptions.rb:61:in `call'
web-console (3.7.0) lib/web_console/middleware.rb:135:in `call_app'
web-console (3.7.0) lib/web_console/middleware.rb:30:in `block in call'
web-console (3.7.0) lib/web_console/middleware.rb:20:in `catch'
web-console (3.7.0) lib/web_console/middleware.rb:20:in `call'
actionpack (5.2.1) lib/action_dispatch/middleware/show_exceptions.rb:33:in `call'
railties (5.2.1) lib/rails/rack/logger.rb:38:in `call_app'
railties (5.2.1) lib/rails/rack/logger.rb:26:in `block in call'
activesupport (5.2.1) lib/active_support/tagged_logging.rb:71:in `block in tagged'
activesupport (5.2.1) lib/active_support/tagged_logging.rb:28:in `tagged'
activesupport (5.2.1) lib/active_support/tagged_logging.rb:71:in `tagged'
railties (5.2.1) lib/rails/rack/logger.rb:26:in `call'
sprockets-rails (3.2.1) lib/sprockets/rails/quiet_assets.rb:13:in `call'
actionpack (5.2.1) lib/action_dispatch/middleware/remote_ip.rb:81:in `call'
actionpack (5.2.1) lib/action_dispatch/middleware/request_id.rb:27:in `call'
rack (2.0.6) lib/rack/method_override.rb:22:in `call'
rack (2.0.6) lib/rack/runtime.rb:22:in `call'
activesupport (5.2.1) lib/active_support/cache/strategy/local_cache_middleware.rb:29:in `call'
actionpack (5.2.1) lib/action_dispatch/middleware/executor.rb:14:in `call'
actionpack (5.2.1) lib/action_dispatch/middleware/static.rb:127:in `call'
rack (2.0.6) lib/rack/sendfile.rb:111:in `call'
railties (5.2.1) lib/rails/engine.rb:524:in `call'
puma (3.12.0) lib/puma/configuration.rb:225:in `call'
puma (3.12.0) lib/puma/server.rb:658:in `handle_request'
puma (3.12.0) lib/puma/server.rb:472:in `process_client'
puma (3.12.0) lib/puma/server.rb:332:in `block in run'
puma (3.12.0) lib/puma/thread_pool.rb:133:in `block in spawn_thread'
Started GET "/users/new" for 127.0.0.1 at 2018-11-15 22:51:44 -0800
  
ActionController::RoutingError (undefined local variable or method `params' for UsersController:Class):
  
app/controllers/users_controller.rb:8:in `<class:UsersController>'
app/controllers/users_controller.rb:1:in `<main>'
Started GET "/users/new" for 127.0.0.1 at 2018-11-15 22:52:24 -0800
Processing by UsersController#new as HTML
Completed 400 Bad Request in 10ms (ActiveRecord: 0.0ms)


  
ActionController::ParameterMissing (param is missing or the value is empty: user):
  
app/controllers/users_controller.rb:9:in `user_params'
app/controllers/users_controller.rb:3:in `new'
Started GET "/users/new" for 127.0.0.1 at 2018-11-15 22:55:11 -0800
Processing by UsersController#new as HTML
Completed 400 Bad Request in 1ms (ActiveRecord: 0.0ms)


  
ActionController::ParameterMissing (param is missing or the value is empty: user):
  
app/controllers/users_controller.rb:9:in `user_params'
app/controllers/users_controller.rb:3:in `new'
Started GET "/users/new" for 127.0.0.1 at 2018-11-15 22:55:16 -0800
Processing by UsersController#new as HTML
Completed 400 Bad Request in 1ms (ActiveRecord: 0.0ms)


  
ActionController::ParameterMissing (param is missing or the value is empty: user):
  
app/controllers/users_controller.rb:9:in `user_params'
app/controllers/users_controller.rb:3:in `new'
Started GET "/users" for 127.0.0.1 at 2018-11-15 22:57:12 -0800
  
AbstractController::ActionNotFound (The action 'index' could not be found for UsersController):
  
actionpack (5.2.1) lib/abstract_controller/base.rb:129:in `process'
actionview (5.2.1) lib/action_view/rendering.rb:32:in `process'
actionpack (5.2.1) lib/action_controller/metal.rb:191:in `dispatch'
actionpack (5.2.1) lib/action_controller/metal.rb:252:in `dispatch'
actionpack (5.2.1) lib/action_dispatch/routing/route_set.rb:52:in `dispatch'
actionpack (5.2.1) lib/action_dispatch/routing/route_set.rb:34:in `serve'
actionpack (5.2.1) lib/action_dispatch/journey/router.rb:52:in `block in serve'
actionpack (5.2.1) lib/action_dispatch/journey/router.rb:35:in `each'
actionpack (5.2.1) lib/action_dispatch/journey/router.rb:35:in `serve'
actionpack (5.2.1) lib/action_dispatch/routing/route_set.rb:840:in `call'
rack (2.0.6) lib/rack/tempfile_reaper.rb:15:in `call'
rack (2.0.6) lib/rack/etag.rb:25:in `call'
rack (2.0.6) lib/rack/conditional_get.rb:25:in `call'
rack (2.0.6) lib/rack/head.rb:12:in `call'
actionpack (5.2.1) lib/action_dispatch/http/content_security_policy.rb:18:in `call'
rack (2.0.6) lib/rack/session/abstract/id.rb:232:in `context'
rack (2.0.6) lib/rack/session/abstract/id.rb:226:in `call'
actionpack (5.2.1) lib/action_dispatch/middleware/cookies.rb:670:in `call'
activerecord (5.2.1) lib/active_record/migration.rb:559:in `call'
actionpack (5.2.1) lib/action_dispatch/middleware/callbacks.rb:28:in `block in call'
activesupport (5.2.1) lib/active_support/callbacks.rb:98:in `run_callbacks'
actionpack (5.2.1) lib/action_dispatch/middleware/callbacks.rb:26:in `call'
actionpack (5.2.1) lib/action_dispatch/middleware/executor.rb:14:in `call'
actionpack (5.2.1) lib/action_dispatch/middleware/debug_exceptions.rb:61:in `call'
web-console (3.7.0) lib/web_console/middleware.rb:135:in `call_app'
web-console (3.7.0) lib/web_console/middleware.rb:30:in `block in call'
web-console (3.7.0) lib/web_console/middleware.rb:20:in `catch'
web-console (3.7.0) lib/web_console/middleware.rb:20:in `call'
actionpack (5.2.1) lib/action_dispatch/middleware/show_exceptions.rb:33:in `call'
railties (5.2.1) lib/rails/rack/logger.rb:38:in `call_app'
railties (5.2.1) lib/rails/rack/logger.rb:26:in `block in call'
activesupport (5.2.1) lib/active_support/tagged_logging.rb:71:in `block in tagged'
activesupport (5.2.1) lib/active_support/tagged_logging.rb:28:in `tagged'
activesupport (5.2.1) lib/active_support/tagged_logging.rb:71:in `tagged'
railties (5.2.1) lib/rails/rack/logger.rb:26:in `call'
sprockets-rails (3.2.1) lib/sprockets/rails/quiet_assets.rb:13:in `call'
actionpack (5.2.1) lib/action_dispatch/middleware/remote_ip.rb:81:in `call'
actionpack (5.2.1) lib/action_dispatch/middleware/request_id.rb:27:in `call'
rack (2.0.6) lib/rack/method_override.rb:22:in `call'
rack (2.0.6) lib/rack/runtime.rb:22:in `call'
activesupport (5.2.1) lib/active_support/cache/strategy/local_cache_middleware.rb:29:in `call'
actionpack (5.2.1) lib/action_dispatch/middleware/executor.rb:14:in `call'
actionpack (5.2.1) lib/action_dispatch/middleware/static.rb:127:in `call'
rack (2.0.6) lib/rack/sendfile.rb:111:in `call'
railties (5.2.1) lib/rails/engine.rb:524:in `call'
puma (3.12.0) lib/puma/configuration.rb:225:in `call'
puma (3.12.0) lib/puma/server.rb:658:in `handle_request'
puma (3.12.0) lib/puma/server.rb:472:in `process_client'
puma (3.12.0) lib/puma/server.rb:332:in `block in run'
puma (3.12.0) lib/puma/thread_pool.rb:133:in `block in spawn_thread'
Started GET "/users" for 127.0.0.1 at 2018-11-15 22:59:13 -0800
  
AbstractController::ActionNotFound (The action 'index' could not be found for UsersController):
  
actionpack (5.2.1) lib/abstract_controller/base.rb:129:in `process'
actionview (5.2.1) lib/action_view/rendering.rb:32:in `process'
actionpack (5.2.1) lib/action_controller/metal.rb:191:in `dispatch'
actionpack (5.2.1) lib/action_controller/metal.rb:252:in `dispatch'
actionpack (5.2.1) lib/action_dispatch/routing/route_set.rb:52:in `dispatch'
actionpack (5.2.1) lib/action_dispatch/routing/route_set.rb:34:in `serve'
actionpack (5.2.1) lib/action_dispatch/journey/router.rb:52:in `block in serve'
actionpack (5.2.1) lib/action_dispatch/journey/router.rb:35:in `each'
actionpack (5.2.1) lib/action_dispatch/journey/router.rb:35:in `serve'
actionpack (5.2.1) lib/action_dispatch/routing/route_set.rb:840:in `call'
rack (2.0.6) lib/rack/tempfile_reaper.rb:15:in `call'
rack (2.0.6) lib/rack/etag.rb:25:in `call'
rack (2.0.6) lib/rack/conditional_get.rb:25:in `call'
rack (2.0.6) lib/rack/head.rb:12:in `call'
actionpack (5.2.1) lib/action_dispatch/http/content_security_policy.rb:18:in `call'
rack (2.0.6) lib/rack/session/abstract/id.rb:232:in `context'
rack (2.0.6) lib/rack/session/abstract/id.rb:226:in `call'
actionpack (5.2.1) lib/action_dispatch/middleware/cookies.rb:670:in `call'
activerecord (5.2.1) lib/active_record/migration.rb:559:in `call'
actionpack (5.2.1) lib/action_dispatch/middleware/callbacks.rb:28:in `block in call'
activesupport (5.2.1) lib/active_support/callbacks.rb:98:in `run_callbacks'
actionpack (5.2.1) lib/action_dispatch/middleware/callbacks.rb:26:in `call'
actionpack (5.2.1) lib/action_dispatch/middleware/executor.rb:14:in `call'
actionpack (5.2.1) lib/action_dispatch/middleware/debug_exceptions.rb:61:in `call'
web-console (3.7.0) lib/web_console/middleware.rb:135:in `call_app'
web-console (3.7.0) lib/web_console/middleware.rb:30:in `block in call'
web-console (3.7.0) lib/web_console/middleware.rb:20:in `catch'
web-console (3.7.0) lib/web_console/middleware.rb:20:in `call'
actionpack (5.2.1) lib/action_dispatch/middleware/show_exceptions.rb:33:in `call'
railties (5.2.1) lib/rails/rack/logger.rb:38:in `call_app'
railties (5.2.1) lib/rails/rack/logger.rb:26:in `block in call'
activesupport (5.2.1) lib/active_support/tagged_logging.rb:71:in `block in tagged'
activesupport (5.2.1) lib/active_support/tagged_logging.rb:28:in `tagged'
activesupport (5.2.1) lib/active_support/tagged_logging.rb:71:in `tagged'
railties (5.2.1) lib/rails/rack/logger.rb:26:in `call'
sprockets-rails (3.2.1) lib/sprockets/rails/quiet_assets.rb:13:in `call'
actionpack (5.2.1) lib/action_dispatch/middleware/remote_ip.rb:81:in `call'
actionpack (5.2.1) lib/action_dispatch/middleware/request_id.rb:27:in `call'
rack (2.0.6) lib/rack/method_override.rb:22:in `call'
rack (2.0.6) lib/rack/runtime.rb:22:in `call'
activesupport (5.2.1) lib/active_support/cache/strategy/local_cache_middleware.rb:29:in `call'
actionpack (5.2.1) lib/action_dispatch/middleware/executor.rb:14:in `call'
actionpack (5.2.1) lib/action_dispatch/middleware/static.rb:127:in `call'
rack (2.0.6) lib/rack/sendfile.rb:111:in `call'
railties (5.2.1) lib/rails/engine.rb:524:in `call'
puma (3.12.0) lib/puma/configuration.rb:225:in `call'
puma (3.12.0) lib/puma/server.rb:658:in `handle_request'
puma (3.12.0) lib/puma/server.rb:472:in `process_client'
puma (3.12.0) lib/puma/server.rb:332:in `block in run'
puma (3.12.0) lib/puma/thread_pool.rb:133:in `block in spawn_thread'
Started GET "/users/new" for 127.0.0.1 at 2018-11-15 23:00:34 -0800
Processing by UsersController#new as HTML
Completed 400 Bad Request in 11ms (ActiveRecord: 0.0ms)


  
ActionController::ParameterMissing (param is missing or the value is empty: user):
  
app/controllers/users_controller.rb:9:in `user_params'
app/controllers/users_controller.rb:3:in `new'
Started GET "/users/new" for 127.0.0.1 at 2018-11-15 23:04:14 -0800
Processing by UsersController#new as HTML
Completed 400 Bad Request in 3ms (ActiveRecord: 0.0ms)


  
ActionController::ParameterMissing (param is missing or the value is empty: user):
  
app/controllers/users_controller.rb:9:in `user_params'
app/controllers/users_controller.rb:3:in `new'
Started GET "/users/new" for 127.0.0.1 at 2018-11-15 23:05:48 -0800
  [1m[35m (2.3ms)[0m  [1m[34mSELECT "schema_migrations"."version" FROM "schema_migrations" ORDER BY "schema_migrations"."version" ASC[0m
  ↳ /Users/savio/.rbenv/versions/2.5.1/lib/ruby/gems/2.5.0/gems/activerecord-5.2.1/lib/active_record/log_subscriber.rb:98
Processing by UsersController#new as HTML
Completed 400 Bad Request in 11ms (ActiveRecord: 0.0ms)



ActionController::ParameterMissing - param is missing or the value is empty: user:
  app/controllers/users_controller.rb:9:in `user_params'
  app/controllers/users_controller.rb:3:in `new'

Started POST "/__better_errors/86ded50ca1d2c804/variables" for 127.0.0.1 at 2018-11-15 23:05:49 -0800
Started POST "/__better_errors/86ded50ca1d2c804/variables" for 127.0.0.1 at 2018-11-15 23:05:53 -0800
Started GET "/users/new" for 127.0.0.1 at 2018-11-15 23:06:19 -0800
Processing by UsersController#new as HTML
Completed 400 Bad Request in 8ms (ActiveRecord: 0.0ms)



ActionController::ParameterMissing - param is missing or the value is empty: user:
  app/controllers/users_controller.rb:9:in `user_params'
  app/controllers/users_controller.rb:3:in `new'

Started POST "/__better_errors/48c5f9b4f78eccc6/variables" for 127.0.0.1 at 2018-11-15 23:06:19 -0800
Started GET "/users/new" for 127.0.0.1 at 2018-11-15 23:07:04 -0800
Processing by UsersController#new as HTML
Completed 400 Bad Request in 1ms (ActiveRecord: 0.0ms)



ActionController::ParameterMissing - param is missing or the value is empty: user:
  app/controllers/users_controller.rb:9:in `user_params'
  app/controllers/users_controller.rb:3:in `new'

Started POST "/__better_errors/80165e9492083f18/variables" for 127.0.0.1 at 2018-11-15 23:07:04 -0800
Started GET "/users/new" for 127.0.0.1 at 2018-11-15 23:07:35 -0800
  [1m[35m (0.7ms)[0m  [1m[34mSELECT "schema_migrations"."version" FROM "schema_migrations" ORDER BY "schema_migrations"."version" ASC[0m
  ↳ /Users/savio/.rbenv/versions/2.5.1/lib/ruby/gems/2.5.0/gems/activerecord-5.2.1/lib/active_record/log_subscriber.rb:98
Processing by UsersController#new as HTML
Completed 400 Bad Request in 9ms (ActiveRecord: 0.0ms)



ActionController::ParameterMissing - param is missing or the value is empty: user:
  app/controllers/users_controller.rb:9:in `user_params'
  app/controllers/users_controller.rb:3:in `new'

Started POST "/__better_errors/f077ebe108ac0dc2/variables" for 127.0.0.1 at 2018-11-15 23:07:35 -0800
Started POST "/__better_errors/f077ebe108ac0dc2/variables" for 127.0.0.1 at 2018-11-15 23:07:45 -0800
Started POST "/__better_errors/f077ebe108ac0dc2/eval" for 127.0.0.1 at 2018-11-15 23:07:50 -0800
Started POST "/__better_errors/f077ebe108ac0dc2/eval" for 127.0.0.1 at 2018-11-15 23:07:52 -0800
Started GET "/users/new" for 127.0.0.1 at 2018-11-15 23:09:28 -0800
Processing by UsersController#new as HTML
Completed 400 Bad Request in 2ms (ActiveRecord: 0.0ms)



ActionController::ParameterMissing - param is missing or the value is empty: user:
  app/controllers/users_controller.rb:9:in `user_params'
  app/controllers/users_controller.rb:3:in `new'

Started POST "/__better_errors/f1113ed35ba965b7/variables" for 127.0.0.1 at 2018-11-15 23:09:28 -0800
Started GET "/users/new" for 127.0.0.1 at 2018-11-15 23:10:32 -0800
Processing by UsersController#new as HTML
Completed 400 Bad Request in 1ms (ActiveRecord: 0.0ms)



ActionController::ParameterMissing - param is missing or the value is empty: user:
  app/controllers/users_controller.rb:9:in `user_params'
  app/controllers/users_controller.rb:3:in `new'

Started POST "/__better_errors/99facf747f9af401/variables" for 127.0.0.1 at 2018-11-15 23:10:32 -0800
Started GET "/users/new" for 127.0.0.1 at 2018-11-15 23:10:34 -0800
Processing by UsersController#new as HTML
Completed 400 Bad Request in 1ms (ActiveRecord: 0.0ms)



ActionController::ParameterMissing - param is missing or the value is empty: user:
  app/controllers/users_controller.rb:9:in `user_params'
  app/controllers/users_controller.rb:3:in `new'

Started POST "/__better_errors/240baa6b9d531e34/variables" for 127.0.0.1 at 2018-11-15 23:10:34 -0800
Started GET "/users/new" for 127.0.0.1 at 2018-11-15 23:11:23 -0800
Processing by UsersController#new as HTML
  Rendering users/new.html.erb within layouts/application
  Rendered users/new.html.erb within layouts/application (0.8ms)
Completed 200 OK in 298ms (Views: 297.6ms | ActiveRecord: 0.0ms)


Started GET "/users/new" for 127.0.0.1 at 2018-11-15 23:11:56 -0800
Processing by UsersController#new as HTML
Completed 400 Bad Request in 2ms (ActiveRecord: 0.0ms)



ActionController::ParameterMissing - param is missing or the value is empty: user:
  app/controllers/users_controller.rb:9:in `user_params'
  app/controllers/users_controller.rb:3:in `new'

Started POST "/__better_errors/69026da9e34e370f/variables" for 127.0.0.1 at 2018-11-15 23:11:56 -0800
Started POST "/__better_errors/69026da9e34e370f/variables" for 127.0.0.1 at 2018-11-15 23:11:58 -0800
Started GET "/users/new" for 127.0.0.1 at 2018-11-15 23:13:08 -0800
Processing by UsersController#new as HTML
Completed 400 Bad Request in 1ms (ActiveRecord: 0.0ms)



ActionController::ParameterMissing - param is missing or the value is empty: user:
  app/controllers/users_controller.rb:9:in `user_params'
  app/controllers/users_controller.rb:3:in `new'

Started POST "/__better_errors/682749ad855dae1a/variables" for 127.0.0.1 at 2018-11-15 23:13:08 -0800
Started GET "/users/new" for 127.0.0.1 at 2018-11-15 23:15:12 -0800
Processing by UsersController#new as HTML
Completed 400 Bad Request in 3ms (ActiveRecord: 0.0ms)



ActionController::ParameterMissing - param is missing or the value is empty: user:
  app/controllers/users_controller.rb:9:in `user_params'
  app/controllers/users_controller.rb:3:in `new'

Started POST "/__better_errors/c1bd71cac5f3818f/variables" for 127.0.0.1 at 2018-11-15 23:15:12 -0800
Started POST "/__better_errors/c1bd71cac5f3818f/variables" for 127.0.0.1 at 2018-11-15 23:15:14 -0800
Started POST "/__better_errors/c1bd71cac5f3818f/eval" for 127.0.0.1 at 2018-11-15 23:15:18 -0800
Started POST "/__better_errors/c1bd71cac5f3818f/eval" for 127.0.0.1 at 2018-11-15 23:16:27 -0800
Started GET "/users/new" for 127.0.0.1 at 2018-11-15 23:22:04 -0800
Processing by UsersController#new as HTML
Completed 400 Bad Request in 4ms (ActiveRecord: 0.0ms)



ActionController::ParameterMissing - param is missing or the value is empty: user:
  app/controllers/users_controller.rb:9:in `user_params'
  app/controllers/users_controller.rb:3:in `new'

Started POST "/__better_errors/a06d3a486a693d5b/variables" for 127.0.0.1 at 2018-11-15 23:22:04 -0800
Started GET "/users/new" for 127.0.0.1 at 2018-11-15 23:22:24 -0800
Processing by UsersController#new as HTML
Completed 400 Bad Request in 2ms (ActiveRecord: 0.0ms)



ActionController::ParameterMissing - param is missing or the value is empty: user:
  app/controllers/users_controller.rb:9:in `user_params'
  app/controllers/users_controller.rb:3:in `new'

Started POST "/__better_errors/6aa56d19e98409e4/variables" for 127.0.0.1 at 2018-11-15 23:22:24 -0800
Started POST "/__better_errors/6aa56d19e98409e4/variables" for 127.0.0.1 at 2018-11-15 23:22:27 -0800
Started GET "/users/new" for 127.0.0.1 at 2018-11-15 23:22:57 -0800
Processing by UsersController#new as HTML
Completed 400 Bad Request in 3ms (ActiveRecord: 0.0ms)



ActionController::ParameterMissing - param is missing or the value is empty: user:
  app/controllers/users_controller.rb:9:in `user_params'
  app/controllers/users_controller.rb:3:in `new'

Started POST "/__better_errors/ab5a7aa20cd27af7/variables" for 127.0.0.1 at 2018-11-15 23:22:57 -0800
  [1m[35m (0.2ms)[0m  [1m[34mSELECT pg_try_advisory_lock(4505726345591715405)[0m
  ↳ bin/rails:9
  [1m[35m (1.2ms)[0m  [1m[34mSELECT "schema_migrations"."version" FROM "schema_migrations" ORDER BY "schema_migrations"."version" ASC[0m
  ↳ bin/rails:9
Migrating to CreateBands (20181116074558)
  [1m[35m (0.2ms)[0m  [1m[35mBEGIN[0m
  ↳ bin/rails:9
  [1m[35m (10.7ms)[0m  [1m[35mCREATE TABLE "bands" ("id" bigserial primary key, "name" character varying NOT NULL, "created_at" timestamp NOT NULL, "updated_at" timestamp NOT NULL)[0m
  ↳ db/migrate/20181116074558_create_bands.rb:3
  [1m[36mActiveRecord::SchemaMigration Create (0.4ms)[0m  [1m[32mINSERT INTO "schema_migrations" ("version") VALUES ($1) RETURNING "version"[0m  [["version", "20181116074558"]]
  ↳ bin/rails:9
  [1m[35m (0.5ms)[0m  [1m[35mCOMMIT[0m
  ↳ bin/rails:9
  [1m[36mActiveRecord::InternalMetadata Load (1.4ms)[0m  [1m[34mSELECT  "ar_internal_metadata".* FROM "ar_internal_metadata" WHERE "ar_internal_metadata"."key" = $1 LIMIT $2[0m  [["key", "environment"], ["LIMIT", 1]]
  ↳ bin/rails:9
  [1m[35m (0.2ms)[0m  [1m[35mBEGIN[0m
  ↳ bin/rails:9
  [1m[35m (0.1ms)[0m  [1m[35mCOMMIT[0m
  ↳ bin/rails:9
  [1m[35m (0.2ms)[0m  [1m[34mSELECT pg_advisory_unlock(4505726345591715405)[0m
  ↳ bin/rails:9
  [1m[35m (0.3ms)[0m  [1m[34mSELECT "schema_migrations"."version" FROM "schema_migrations" ORDER BY "schema_migrations"."version" ASC[0m
  ↳ bin/rails:9
  [1m[35m (0.7ms)[0m  [1m[34mSELECT "schema_migrations"."version" FROM "schema_migrations" ORDER BY "schema_migrations"."version" ASC[0m
  ↳ /Users/savio/.rbenv/versions/2.5.1/bin/annotate:23
